<?xml version="1.0" encoding="UTF-8"?>
<!-- Generated by org.testng.reporters.JUnitReportReporter -->
<testsuite hostname="DESKTOP-0ECRPRP" failures="0" tests="1" name="Test_Scripts.Demo" time="59.356" errors="0" timestamp="2024-12-03T11:57:43 IST" skipped="0">
  <testcase classname="Test_Scripts.Demo" name="main" time="59.356"/>
</testsuite> <!-- Test_Scripts.Demo -->
